     1 00000000                                 [FORMAT "WCOFF"]
     2 00000000                                 [INSTRSET "i486p"]
     3 00000000                                 [OPTIMIZE 1]
     4 00000000                                 [OPTION 1]
     5 00000000                                 [BITS 32]
     6 00000000                                 	EXTERN	_load_gdtr
     7 00000000                                 	EXTERN	_load_idtr
     8 00000000                                 	EXTERN	_asm_inthandler0c
     9 00000000                                 	EXTERN	_asm_inthandler0d
    10 00000000                                 	EXTERN	_asm_inthandler20
    11 00000000                                 	EXTERN	_asm_inthandler21
    12 00000000                                 	EXTERN	_asm_inthandler2c
    13 00000000                                 	EXTERN	_asm_hrb_api
    14 00000000                                 [FILE "dsctbl.c"]
    15                                          [SECTION .text]
    16 00000000                                 	GLOBAL	_init_gdtidt
    17 00000000                                 _init_gdtidt:
    18 00000000 55                              	PUSH	EBP
    19 00000001 89 E5                           	MOV	EBP,ESP
    20 00000003 56                              	PUSH	ESI
    21 00000004 53                              	PUSH	EBX
    22 00000005 BE 00270000                     	MOV	ESI,2555904
    23 0000000A BB 00001FFF                     	MOV	EBX,8191
    24 0000000F                                 L6:
    25 0000000F 6A 00                           	PUSH	0
    26 00000011 6A 00                           	PUSH	0
    27 00000013 6A 00                           	PUSH	0
    28 00000015 56                              	PUSH	ESI
    29 00000016 83 C6 08                        	ADD	ESI,8
    30 00000019 E8 0000011E                     	CALL	_set_segmdesc
    31 0000001E 83 C4 10                        	ADD	ESP,16
    32 00000021 4B                              	DEC	EBX
    33 00000022 79 EB                           	JNS	L6
    34 00000024 68 00004092                     	PUSH	16530
    35 00000029 BE 0026F800                     	MOV	ESI,2553856
    36 0000002E 6A 00                           	PUSH	0
    37 00000030 BB 000000FF                     	MOV	EBX,255
    38 00000035 6A FF                           	PUSH	-1
    39 00000037 68 00270008                     	PUSH	2555912
    40 0000003C E8 000000FB                     	CALL	_set_segmdesc
    41 00000041 68 0000409A                     	PUSH	16538
    42 00000046 68 00280000                     	PUSH	2621440
    43 0000004B 68 0007FFFF                     	PUSH	524287
    44 00000050 68 00270010                     	PUSH	2555920
    45 00000055 E8 000000E2                     	CALL	_set_segmdesc
    46 0000005A 83 C4 20                        	ADD	ESP,32
    47 0000005D 68 00270000                     	PUSH	2555904
    48 00000062 68 0000FFFF                     	PUSH	65535
    49 00000067 E8 [00000000]                   	CALL	_load_gdtr
    50 0000006C 58                              	POP	EAX
    51 0000006D 5A                              	POP	EDX
    52 0000006E                                 L11:
    53 0000006E 6A 00                           	PUSH	0
    54 00000070 6A 00                           	PUSH	0
    55 00000072 6A 00                           	PUSH	0
    56 00000074 56                              	PUSH	ESI
    57 00000075 83 C6 08                        	ADD	ESI,8
    58 00000078 E8 00000109                     	CALL	_set_gatedesc
    59 0000007D 83 C4 10                        	ADD	ESP,16
    60 00000080 4B                              	DEC	EBX
    61 00000081 79 EB                           	JNS	L11
    62 00000083 68 0026F800                     	PUSH	2553856
    63 00000088 68 000007FF                     	PUSH	2047
    64 0000008D E8 [00000000]                   	CALL	_load_idtr
    65 00000092 68 0000008E                     	PUSH	142
    66 00000097 6A 10                           	PUSH	16
    67 00000099 68 [00000000]                   	PUSH	_asm_inthandler0c
    68 0000009E 68 0026F860                     	PUSH	2553952
    69 000000A3 E8 000000DE                     	CALL	_set_gatedesc
    70 000000A8 68 0000008E                     	PUSH	142
    71 000000AD 6A 10                           	PUSH	16
    72 000000AF 68 [00000000]                   	PUSH	_asm_inthandler0d
    73 000000B4 68 0026F868                     	PUSH	2553960
    74 000000B9 E8 000000C8                     	CALL	_set_gatedesc
    75 000000BE 83 C4 28                        	ADD	ESP,40
    76 000000C1 68 0000008E                     	PUSH	142
    77 000000C6 6A 10                           	PUSH	16
    78 000000C8 68 [00000000]                   	PUSH	_asm_inthandler20
    79 000000CD 68 0026F900                     	PUSH	2554112
    80 000000D2 E8 000000AF                     	CALL	_set_gatedesc
    81 000000D7 68 0000008E                     	PUSH	142
    82 000000DC 6A 10                           	PUSH	16
    83 000000DE 68 [00000000]                   	PUSH	_asm_inthandler21
    84 000000E3 68 0026F908                     	PUSH	2554120
    85 000000E8 E8 00000099                     	CALL	_set_gatedesc
    86 000000ED 83 C4 20                        	ADD	ESP,32
    87 000000F0 68 0000008E                     	PUSH	142
    88 000000F5 6A 10                           	PUSH	16
    89 000000F7 68 [00000000]                   	PUSH	_asm_inthandler2c
    90 000000FC 68 0026F960                     	PUSH	2554208
    91 00000101 E8 00000080                     	CALL	_set_gatedesc
    92 00000106 68 0000008E                     	PUSH	142
    93 0000010B 6A 10                           	PUSH	16
    94 0000010D 68 [00000000]                   	PUSH	_asm_inthandler2c
    95 00000112 68 0026F958                     	PUSH	2554200
    96 00000117 E8 0000006A                     	CALL	_set_gatedesc
    97 0000011C 83 C4 20                        	ADD	ESP,32
    98 0000011F 68 000000EE                     	PUSH	238
    99 00000124 6A 10                           	PUSH	16
   100 00000126 68 [00000000]                   	PUSH	_asm_hrb_api
   101 0000012B 68 0026FA00                     	PUSH	2554368
   102 00000130 E8 00000051                     	CALL	_set_gatedesc
   103 00000135 8D 65 F8                        	LEA	ESP,DWORD [-8+EBP]
   104 00000138 5B                              	POP	EBX
   105 00000139 5E                              	POP	ESI
   106 0000013A 5D                              	POP	EBP
   107 0000013B C3                              	RET
   108 0000013C                                 	GLOBAL	_set_segmdesc
   109 0000013C                                 _set_segmdesc:
   110 0000013C 55                              	PUSH	EBP
   111 0000013D 89 E5                           	MOV	EBP,ESP
   112 0000013F 53                              	PUSH	EBX
   113 00000140 8B 55 0C                        	MOV	EDX,DWORD [12+EBP]
   114 00000143 8B 4D 10                        	MOV	ECX,DWORD [16+EBP]
   115 00000146 8B 5D 08                        	MOV	EBX,DWORD [8+EBP]
   116 00000149 8B 45 14                        	MOV	EAX,DWORD [20+EBP]
   117 0000014C 81 FA 000FFFFF                  	CMP	EDX,1048575
   118 00000152 76 08                           	JBE	L17
   119 00000154 C1 EA 0C                        	SHR	EDX,12
   120 00000157 0D 00008000                     	OR	EAX,32768
   121 0000015C                                 L17:
   122 0000015C 66 89 13                        	MOV	WORD [EBX],DX
   123 0000015F 88 43 05                        	MOV	BYTE [5+EBX],AL
   124 00000162 C1 EA 10                        	SHR	EDX,16
   125 00000165 C1 F8 08                        	SAR	EAX,8
   126 00000168 83 E2 0F                        	AND	EDX,15
   127 0000016B 66 89 4B 02                     	MOV	WORD [2+EBX],CX
   128 0000016F 83 E0 F0                        	AND	EAX,-16
   129 00000172 C1 F9 10                        	SAR	ECX,16
   130 00000175 09 C2                           	OR	EDX,EAX
   131 00000177 88 4B 04                        	MOV	BYTE [4+EBX],CL
   132 0000017A 88 53 06                        	MOV	BYTE [6+EBX],DL
   133 0000017D C1 F9 08                        	SAR	ECX,8
   134 00000180 88 4B 07                        	MOV	BYTE [7+EBX],CL
   135 00000183 5B                              	POP	EBX
   136 00000184 5D                              	POP	EBP
   137 00000185 C3                              	RET
   138 00000186                                 	GLOBAL	_set_gatedesc
   139 00000186                                 _set_gatedesc:
   140 00000186 55                              	PUSH	EBP
   141 00000187 89 E5                           	MOV	EBP,ESP
   142 00000189 53                              	PUSH	EBX
   143 0000018A 8B 55 08                        	MOV	EDX,DWORD [8+EBP]
   144 0000018D 8B 45 10                        	MOV	EAX,DWORD [16+EBP]
   145 00000190 8B 5D 14                        	MOV	EBX,DWORD [20+EBP]
   146 00000193 8B 4D 0C                        	MOV	ECX,DWORD [12+EBP]
   147 00000196 66 89 42 02                     	MOV	WORD [2+EDX],AX
   148 0000019A 88 5A 05                        	MOV	BYTE [5+EDX],BL
   149 0000019D 66 89 0A                        	MOV	WORD [EDX],CX
   150 000001A0 89 D8                           	MOV	EAX,EBX
   151 000001A2 C1 F8 08                        	SAR	EAX,8
   152 000001A5 C1 F9 10                        	SAR	ECX,16
   153 000001A8 88 42 04                        	MOV	BYTE [4+EDX],AL
   154 000001AB 66 89 4A 06                     	MOV	WORD [6+EDX],CX
   155 000001AF 5B                              	POP	EBX
   156 000001B0 5D                              	POP	EBP
   157 000001B1 C3                              	RET
